<?xml version="1.0" encoding="UTF-8"?>
<!-- Generated by org.testng.reporters.JUnitReportReporter -->
<testsuite skipped="0" hostname="LAPTOP-HR87H1FH" name="com.sgtestings.test1.Testng" tests="8" failures="0" timestamp="2021-09-16T22:40:09 IST" time="43.788" errors="0">
  <testcase name="launchBrowser" time="2.806" classname="com.sgtestings.test1.Testng"/>
  <system-out/>
  <testcase name="navigate" time="5.099" classname="com.sgtestings.test1.Testng"/>
  <system-out/>
  <testcase name="login" time="4.440" classname="com.sgtestings.test1.Testng"/>
  <system-out/>
  <testcase name="minimizeFlyOutWindow" time="3.071" classname="com.sgtestings.test1.Testng"/>
  <system-out/>
  <testcase name="createUser" time="15.323" classname="com.sgtestings.test1.Testng"/>
  <system-out/>
  <testcase name="deleteUser" time="9.383" classname="com.sgtestings.test1.Testng"/>
  <system-out/>
  <testcase name="logout" time="3.532" classname="com.sgtestings.test1.Testng"/>
  <system-out/>
  <testcase name="closeApplecation" time="0.134" classname="com.sgtestings.test1.Testng"/>
  <system-out/>
</testsuite> <!-- com.sgtestings.test1.Testng -->
